<?xml version="1.0" encoding="UTF-8"?>
<!-- Generated by org.testng.reporters.JUnitXMLReporter -->
<testsuite ignored="0" hostname="DESKTOP-FSVBQOO" failures="0" tests="10" name="Run on Edge" time="61.187" errors="0" timestamp="2024-08-11T21:25:37 ICT">
  <testcase classname="com.bankguru.payment.Payment_01_Creat_and_Check" name="payment_01_creat_new_customer_account" time="14.469"/>
  <testcase classname="com.bankguru.payment.Payment_01_Creat_and_Check" name="payment_02_edit_customer_account" time="4.286"/>
  <testcase classname="com.bankguru.payment.Payment_01_Creat_and_Check" name="payment_03_new_account" time="7.448"/>
  <testcase classname="com.bankguru.payment.Payment_01_Creat_and_Check" name="payment_04_edit_account" time="1.481"/>
  <testcase classname="com.bankguru.payment.Payment_01_Creat_and_Check" name="payment_05_tranfer_money" time="1.645"/>
  <testcase classname="com.bankguru.payment.Payment_01_Creat_and_Check" name="payment_06_withdrawal_money" time="3.086"/>
  <testcase classname="com.bankguru.payment.Payment_01_Creat_and_Check" name="payment_07_fund_transfer" time="3.154"/>
  <testcase classname="com.bankguru.payment.Payment_01_Creat_and_Check" name="payment_08_balance" time="1.843"/>
  <testcase classname="com.bankguru.payment.Payment_01_Creat_and_Check" name="payment_09_delete_account" time="2.333"/>
  <testcase classname="com.bankguru.payment.Payment_01_Creat_and_Check" name="payment_10_delete_customer" time="1.853"/>
</testsuite> <!-- Run on Edge -->
