<?xml version="1.0" encoding="UTF-8"?>
<!-- Generated by org.testng.reporters.JUnitXMLReporter -->
<testsuite ignored="0" hostname="DESKTOP-FSVBQOO" failures="0" tests="10" name="Run on Chrome" time="46.974" errors="0" timestamp="2024-08-20T17:34:51 ICT">
  <testcase classname="com.bankguru.payment.Payment_01_Creat_and_Check" name="payment_01_creat_new_customer_account" time="13.117"/>
  <testcase classname="com.bankguru.payment.Payment_01_Creat_and_Check" name="payment_02_edit_customer_account" time="3.602"/>
  <testcase classname="com.bankguru.payment.Payment_01_Creat_and_Check" name="payment_03_new_account" time="4.94"/>
  <testcase classname="com.bankguru.payment.Payment_01_Creat_and_Check" name="payment_04_edit_account" time="1.117"/>
  <testcase classname="com.bankguru.payment.Payment_01_Creat_and_Check" name="payment_05_tranfer_money" time="1.396"/>
  <testcase classname="com.bankguru.payment.Payment_01_Creat_and_Check" name="payment_06_withdrawal_money" time="2.382"/>
  <testcase classname="com.bankguru.payment.Payment_01_Creat_and_Check" name="payment_07_fund_transfer" time="2.502"/>
  <testcase classname="com.bankguru.payment.Payment_01_Creat_and_Check" name="payment_08_balance" time="1.081"/>
  <testcase classname="com.bankguru.payment.Payment_01_Creat_and_Check" name="payment_09_delete_account" time="1.785"/>
  <testcase classname="com.bankguru.payment.Payment_01_Creat_and_Check" name="payment_10_delete_customer" time="1.639"/>
</testsuite> <!-- Run on Chrome -->
